<?xml version="1.0" encoding="UTF-8"?>
<testng-results ignored="0" total="1" passed="1" failed="0" skipped="0">
  <reporter-output>
  </reporter-output>
  <suite started-at="2022-03-19T13:17:05 EET" name="Default suite" finished-at="2022-03-19T13:17:12 EET" duration-ms="6855">
    <groups>
    </groups>
    <test started-at="2022-03-19T13:17:05 EET" name="Default test" finished-at="2022-03-19T13:17:12 EET" duration-ms="6855">
      <class name="testCases.Case1">
        <test-method is-config="true" signature="beforeMethod()[pri:0, instance:testCases.Case1@32502377]" started-at="2022-03-19T13:17:05 EET" name="beforeMethod" finished-at="2022-03-19T13:17:10 EET" duration-ms="4846" status="PASS">
          <reporter-output>
          </reporter-output>
        </test-method> <!-- beforeMethod -->
        <test-method signature="assertTheFirstResult()[pri:0, instance:testCases.Case1@32502377]" started-at="2022-03-19T13:17:10 EET" name="assertTheFirstResult" finished-at="2022-03-19T13:17:12 EET" duration-ms="1831" status="PASS">
          <reporter-output>
          </reporter-output>
        </test-method> <!-- assertTheFirstResult -->
        <test-method is-config="true" signature="afterMethod()[pri:0, instance:testCases.Case1@32502377]" started-at="2022-03-19T13:17:12 EET" name="afterMethod" finished-at="2022-03-19T13:17:12 EET" duration-ms="142" status="PASS">
          <reporter-output>
          </reporter-output>
        </test-method> <!-- afterMethod -->
      </class> <!-- testCases.Case1 -->
    </test> <!-- Default test -->
  </suite> <!-- Default suite -->
</testng-results>
